2017-04-26 07:37:01 [192.168.33.1][-][-][error][yii\base\ViewNotFoundException] yii\base\ViewNotFoundException: The view file does not exist: /var/www/html/views/site/index.php in /var/www/html/cms/vendor/yiisoft/yii2/base/View.php:229
Stack trace:
#0 /var/www/html/cms/vendor/yiisoft/yii2/base/View.php(152): yii\base\View->renderFile('/var/www/html/v...', Array, Object(frontend\controllers\SiteController))
#1 /var/www/html/cms/vendor/yiisoft/yii2/base/Controller.php(381): yii\base\View->render('index', Array, Object(frontend\controllers\SiteController))
#2 /var/www/html/cms/frontend/controllers/SiteController.php(75): yii\base\Controller->render('index')
#3 [internal function]: frontend\controllers\SiteController->actionIndex()
#4 /var/www/html/cms/vendor/yiisoft/yii2/base/InlineAction.php(57): call_user_func_array(Array, Array)
#5 /var/www/html/cms/vendor/yiisoft/yii2/base/Controller.php(156): yii\base\InlineAction->runWithParams(Array)
#6 /var/www/html/cms/vendor/yiisoft/yii2/base/Module.php(523): yii\base\Controller->runAction('index', Array)
#7 /var/www/html/cms/vendor/yiisoft/yii2/web/Application.php(102): yii\base\Module->runAction('site/index', Array)
#8 /var/www/html/cms/vendor/yiisoft/yii2/base/Application.php(380): yii\web\Application->handleRequest(Object(yii\web\Request))
#9 /var/www/html/index.php(17): yii\base\Application->run()
#10 {main}
2017-04-26 07:37:01 [192.168.33.1][-][-][warning][yii\debug\Module::checkAccess] Access to debugger is denied due to IP address restriction. The requesting IP address is 192.168.33.1
2017-04-26 07:37:01 [192.168.33.1][-][-][warning][yii\debug\Module::checkAccess] Access to debugger is denied due to IP address restriction. The requesting IP address is 192.168.33.1
2017-04-26 07:37:01 [192.168.33.1][-][-][info][application] $_SERVER = [
    'HTTP_HOST' => 'cms.dev'
    'HTTP_CONNECTION' => 'keep-alive'
    'HTTP_CACHE_CONTROL' => 'max-age=0'
    'HTTP_UPGRADE_INSECURE_REQUESTS' => '1'
    'HTTP_USER_AGENT' => 'Mozilla/5.0 (Windows NT 10.0; Win64; x64) AppleWebKit/537.36 (KHTML, like Gecko) Chrome/57.0.2987.133 Safari/537.36'
    'HTTP_ACCEPT' => 'text/html,application/xhtml+xml,application/xml;q=0.9,image/webp,*/*;q=0.8'
    'HTTP_DNT' => '1'
    'HTTP_ACCEPT_ENCODING' => 'gzip, deflate, sdch'
    'HTTP_ACCEPT_LANGUAGE' => 'vi-VN,vi;q=0.8,fr-FR;q=0.6,fr;q=0.4,en-US;q=0.2,en;q=0.2'
    'PATH' => '/usr/local/sbin:/usr/local/bin:/usr/sbin:/usr/bin:/sbin:/bin'
    'SERVER_SIGNATURE' => '<address>Apache/2.4.18 (Ubuntu) Server at cms.dev Port 80</address>
'
    'SERVER_SOFTWARE' => 'Apache/2.4.18 (Ubuntu)'
    'SERVER_NAME' => 'cms.dev'
    'SERVER_ADDR' => '192.168.33.33'
    'SERVER_PORT' => '80'
    'REMOTE_ADDR' => '192.168.33.1'
    'DOCUMENT_ROOT' => '/var/www/html'
    'REQUEST_SCHEME' => 'http'
    'CONTEXT_PREFIX' => ''
    'CONTEXT_DOCUMENT_ROOT' => '/var/www/html'
    'SERVER_ADMIN' => 'webmaster@localhost'
    'SCRIPT_FILENAME' => '/var/www/html/index.php'
    'REMOTE_PORT' => '2310'
    'GATEWAY_INTERFACE' => 'CGI/1.1'
    'SERVER_PROTOCOL' => 'HTTP/1.1'
    'REQUEST_METHOD' => 'GET'
    'QUERY_STRING' => ''
    'REQUEST_URI' => '/'
    'SCRIPT_NAME' => '/index.php'
    'PHP_SELF' => '/index.php'
    'REQUEST_TIME_FLOAT' => 1493192221.528
    'REQUEST_TIME' => 1493192221
]
